<?xml version="1.0" encoding="UTF-8"?>
<testsuite name="com.tactical.protocol.hashing.XxHashPacketHasherTest" tests="2" skipped="0" failures="0" errors="0" timestamp="2026-08-28T21:01:24.663Z" hostname="SOMEONE" time="0.053">
  <properties/>
  <testcase name="should produce same hash for identical packets" classname="com.tactical.protocol.hashing.XxHashPacketHasherTest" time="0.043"/>
  <testcase name="should produce different hash for different content" classname="com.tactical.protocol.hashing.XxHashPacketHasherTest" time="0.0"/>
  <system-out><![CDATA[]]></system-out>
  <system-err><![CDATA[]]></system-err>
</testsuite>
