<?xml version="1.0" encoding="UTF-8"?>
<testsuite name="com.tactical.engine.discovery.proximity.RssiProximityEstimatorTest" tests="2" skipped="0" failures="0" errors="0" timestamp="2026-08-28T21:01:28.641Z" hostname="SOMEONE" time="0.002">
  <properties/>
  <testcase name="should estimate 1 meter at txPower" classname="com.tactical.engine.discovery.proximity.RssiProximityEstimatorTest" time="0.002"/>
  <testcase name="distance should increase as RSSI decreases" classname="com.tactical.engine.discovery.proximity.RssiProximityEstimatorTest" time="0.0"/>
  <system-out><![CDATA[]]></system-out>
  <system-err><![CDATA[]]></system-err>
</testsuite>
