<?xml version="1.0" encoding="UTF-8"?>
<testsuite name="com.tactical.engine.mesh.router.FloodMeshRouterTest" tests="4" skipped="0" failures="0" errors="0" timestamp="2026-08-28T21:01:24.754Z" hostname="SOMEONE" time="0.034">
  <properties/>
  <testcase name="should drop packets originating from self" classname="com.tactical.engine.mesh.router.FloodMeshRouterTest" time="0.03"/>
  <testcase name="should accept but not rebroadcast if TTL is exhausted" classname="com.tactical.engine.mesh.router.FloodMeshRouterTest" time="0.001"/>
  <testcase name="should drop duplicate packets" classname="com.tactical.engine.mesh.router.FloodMeshRouterTest" time="0.003"/>
  <testcase name="should rebroadcast new packets from others" classname="com.tactical.engine.mesh.router.FloodMeshRouterTest" time="0.0"/>
  <system-out><![CDATA[]]></system-out>
  <system-err><![CDATA[]]></system-err>
</testsuite>
